# JRE version: OpenJDK Runtime Environment Microsoft-8035250 (11.0.20+8) (build 11.0.20+8-LTS)
# Java VM: OpenJDK 64-Bit Server VM Microsoft-8035250 (11.0.20+8-LTS, mixed mode, tiered, compressed oops, g1 gc, windows-amd64)
Heap:
 garbage-first heap   total 126976K, used 88170K [0x0000000080000000, 0x0000000100000000)
  region size 1024K, 15 young (15360K), 3 survivors (3072K)
 Metaspace       used 85484K, capacity 88164K, committed 88448K, reserved 593920K
  class space    used 10976K, capacity 12046K, committed 12160K, reserved 516096K
GC Heap History (20 events):
Event: 611.939 GC heap before
{Heap before GC invocations=26 (full 0):
 garbage-first heap   total 126976K, used 76934K [0x0000000080000000, 0x0000000100000000)
  region size 1024K, 6 young (6144K), 1 survivors (1024K)
 Metaspace       used 79941K, capacity 82399K, committed 82688K, reserved 587776K
  class space    used 10214K, capacity 11226K, committed 11264K, reserved 516096K
}
Event: 611.957 GC heap after
{Heap after GC invocations=27 (full 0):
 garbage-first heap   total 126976K, used 71425K [0x0000000080000000, 0x0000000100000000)
  region size 1024K, 1 young (1024K), 1 survivors (1024K)
 Metaspace       used 79941K, capacity 82399K, committed 82688K, reserved 587776K
  class space    used 10214K, capacity 11226K, committed 11264K, reserved 516096K
}
Event: 613.062 GC heap before
{Heap before GC invocations=28 (full 0):
 garbage-first heap   total 126976K, used 76545K [0x0000000080000000, 0x0000000100000000)
  region size 1024K, 6 young (6144K), 1 survivors (1024K)
 Metaspace       used 79950K, capacity 82399K, committed 82688K, reserved 587776K
  class space    used 10214K, capacity 11226K, committed 11264K, reserved 516096K
}
Event: 613.072 GC heap after
{Heap after GC invocations=29 (full 0):
 garbage-first heap   total 126976K, used 72661K [0x0000000080000000, 0x0000000100000000)
  region size 1024K, 1 young (1024K), 1 survivors (1024K)
 Metaspace       used 79950K, capacity 82399K, committed 82688K, reserved 587776K
  class space    used 10214K, capacity 11226K, committed 11264K, reserved 516096K
}
Event: 613.098 GC heap before
{Heap before GC invocations=29 (full 0):
 garbage-first heap   total 126976K, used 72661K [0x0000000080000000, 0x0000000100000000)
  region size 1024K, 2 young (2048K), 1 survivors (1024K)
 Metaspace       used 79950K, capacity 82399K, committed 82688K, reserved 587776K
  class space    used 10214K, capacity 11226K, committed 11264K, reserved 516096K
}
Event: 613.104 GC heap after
{Heap after GC invocations=30 (full 0):
 garbage-first heap   total 126976K, used 73377K [0x0000000080000000, 0x0000000100000000)
  region size 1024K, 1 young (1024K), 1 survivors (1024K)
 Metaspace       used 79950K, capacity 82399K, committed 82688K, reserved 587776K
  class space    used 10214K, capacity 11226K, committed 11264K, reserved 516096K
}
Event: 615.966 GC heap before
{Heap before GC invocations=31 (full 0):
 garbage-first heap   total 126976K, used 80545K [0x0000000080000000, 0x0000000100000000)
  region size 1024K, 6 young (6144K), 1 survivors (1024K)
 Metaspace       used 80112K, capacity 82551K, committed 82688K, reserved 587776K
  class space    used 10248K, capacity 11230K, committed 11264K, reserved 516096K
}
Event: 615.972 GC heap after
{Heap after GC invocations=32 (full 0):
 garbage-first heap   total 126976K, used 75142K [0x0000000080000000, 0x0000000100000000)
  region size 1024K, 1 young (1024K), 1 survivors (1024K)
 Metaspace       used 80112K, capacity 82551K, committed 82688K, reserved 587776K
  class space    used 10248K, capacity 11230K, committed 11264K, reserved 516096K
}
Event: 628.096 GC heap before
{Heap before GC invocations=32 (full 0):
 garbage-first heap   total 126976K, used 82310K [0x0000000080000000, 0x0000000100000000)
  region size 1024K, 9 young (9216K), 1 survivors (1024K)
 Metaspace       used 80893K, capacity 83357K, committed 83584K, reserved 589824K
  class space    used 10343K, capacity 11327K, committed 11392K, reserved 516096K
}
Event: 628.099 GC heap after
{Heap after GC invocations=33 (full 0):
 garbage-first heap   total 126976K, used 76482K [0x0000000080000000, 0x0000000100000000)
  region size 1024K, 2 young (2048K), 2 survivors (2048K)
 Metaspace       used 80893K, capacity 83357K, committed 83584K, reserved 589824K
  class space    used 10343K, capacity 11327K, committed 11392K, reserved 516096K
}
Event: 631.095 GC heap before
{Heap before GC invocations=34 (full 0):
 garbage-first heap   total 126976K, used 87746K [0x0000000080000000, 0x0000000100000000)
  region size 1024K, 16 young (16384K), 2 survivors (2048K)
 Metaspace       used 82056K, capacity 84425K, committed 84480K, reserved 589824K
  class space    used 10491K, capacity 11490K, committed 11520K, reserved 516096K
}
Event: 631.101 GC heap after
{Heap after GC invocations=35 (full 0):
 garbage-first heap   total 126976K, used 73316K [0x0000000080000000, 0x0000000100000000)
  region size 1024K, 1 young (1024K), 1 survivors (1024K)
 Metaspace       used 82056K, capacity 84425K, committed 84480K, reserved 589824K
  class space    used 10491K, capacity 11490K, committed 11520K, reserved 516096K
}
Event: 635.319 GC heap before
{Heap before GC invocations=35 (full 0):
 garbage-first heap   total 126976K, used 89700K [0x0000000080000000, 0x0000000100000000)
  region size 1024K, 18 young (18432K), 1 survivors (1024K)
 Metaspace       used 83457K, capacity 85921K, committed 86016K, reserved 591872K
  class space    used 10686K, capacity 11688K, committed 11776K, reserved 516096K
}
Event: 635.323 GC heap after
{Heap after GC invocations=36 (full 0):
 garbage-first heap   total 126976K, used 74199K [0x0000000080000000, 0x0000000100000000)
  region size 1024K, 2 young (2048K), 2 survivors (2048K)
 Metaspace       used 83457K, capacity 85921K, committed 86016K, reserved 591872K
  class space    used 10686K, capacity 11688K, committed 11776K, reserved 516096K
}
Event: 637.321 GC heap before
{Heap before GC invocations=37 (full 0):
 garbage-first heap   total 126976K, used 79319K [0x0000000080000000, 0x0000000100000000)
  region size 1024K, 8 young (8192K), 2 survivors (2048K)
 Metaspace       used 84100K, capacity 86504K, committed 86528K, reserved 591872K
  class space    used 10760K, capacity 11753K, committed 11776K, reserved 516096K
}
Event: 637.480 GC heap after
{Heap after GC invocations=38 (full 0):
 garbage-first heap   total 126976K, used 74824K [0x0000000080000000, 0x0000000100000000)
  region size 1024K, 2 young (2048K), 2 survivors (2048K)
 Metaspace       used 84100K, capacity 86504K, committed 86528K, reserved 591872K
  class space    used 10760K, capacity 11753K, committed 11776K, reserved 516096K
}
Event: 643.335 GC heap before
{Heap before GC invocations=39 (full 0):
 garbage-first heap   total 126976K, used 91208K [0x0000000080000000, 0x0000000100000000)
  region size 1024K, 17 young (17408K), 2 survivors (2048K)
 Metaspace       used 85255K, capacity 87718K, committed 88064K, reserved 593920K
  class space    used 10932K, capacity 11937K, committed 12032K, reserved 516096K
}
Event: 643.345 GC heap after
{Heap after GC invocations=40 (full 0):
 garbage-first heap   total 126976K, used 75416K [0x0000000080000000, 0x0000000100000000)
  region size 1024K, 3 young (3072K), 3 survivors (3072K)
 Metaspace       used 85255K, capacity 87718K, committed 88064K, reserved 593920K
  class space    used 10932K, capacity 11937K, committed 12032K, reserved 516096K
}
Event: 645.995 GC heap before
{Heap before GC invocations=40 (full 0):
 garbage-first heap   total 126976K, used 93848K [0x0000000080000000, 0x0000000100000000)
  region size 1024K, 21 young (21504K), 3 survivors (3072K)
 Metaspace       used 85429K, capacity 88004K, committed 88064K, reserved 593920K
  class space    used 10972K, capacity 12014K, committed 12032K, reserved 516096K
}
Event: 646.007 GC heap after
{Heap after GC invocations=41 (full 0):
 garbage-first heap   total 126976K, used 76906K [0x0000000080000000, 0x0000000100000000)
  region size 1024K, 3 young (3072K), 3 survivors (3072K)
 Metaspace       used 85429K, capacity 88004K, committed 88064K, reserved 593920K
  class space    used 10972K, capacity 12014K, committed 12032K, reserved 516096K
}

